<?xml version="1.0" encoding="UTF-8"?>
<testng-results skipped="0" failed="0" ignored="0" total="1" passed="1">
  <reporter-output>
  </reporter-output>
  <suite name="Regression Test Suite" duration-ms="21742" started-at="2020-11-21T20:52:42 NZDT" finished-at="2020-11-21T20:53:04 NZDT">
    <groups>
    </groups>
    <test name="Application Test" duration-ms="21742" started-at="2020-11-21T20:52:42 NZDT" finished-at="2020-11-21T20:53:04 NZDT">
      <class name="payroll.testclasess.LoginTest">
        <test-method status="PASS" signature="commonSetUp(java.lang.String, java.lang.String)[pri:0, instance:payroll.testclasess.LoginTest@4803b726]" name="commonSetUp" is-config="true" duration-ms="9066" started-at="2020-11-21T20:52:42 NZDT" finished-at="2020-11-21T20:52:51 NZDT">
          <params>
            <param index="0">
              <value>
                <![CDATA[firefox]]>
              </value>
            </param>
            <param index="1">
              <value>
                <![CDATA[Login]]>
              </value>
            </param>
          </params>
          <reporter-output>
          </reporter-output>
        </test-method> <!-- commonSetUp -->
        <test-method status="PASS" signature="logTotheSystem(java.lang.String, java.lang.String)[pri:0, instance:payroll.testclasess.LoginTest@4803b726]" name="logTotheSystem" duration-ms="11005" started-at="2020-11-21T20:52:51 NZDT" data-provider="loginDetails" finished-at="2020-11-21T20:53:02 NZDT">
          <params>
            <param index="0">
              <value>
                <![CDATA[jcmullage@gmail.com]]>
              </value>
            </param>
            <param index="1">
              <value>
                <![CDATA[2wsx1qaz~]]>
              </value>
            </param>
          </params>
          <reporter-output>
          </reporter-output>
        </test-method> <!-- logTotheSystem -->
        <test-method status="PASS" signature="commonTearDown()[pri:0, instance:payroll.testclasess.LoginTest@4803b726]" name="commonTearDown" is-config="true" duration-ms="1526" started-at="2020-11-21T20:53:02 NZDT" finished-at="2020-11-21T20:53:04 NZDT">
          <reporter-output>
          </reporter-output>
        </test-method> <!-- commonTearDown -->
      </class> <!-- payroll.testclasess.LoginTest -->
    </test> <!-- Application Test -->
  </suite> <!-- Regression Test Suite -->
</testng-results>
