<?xml version="1.0" encoding="UTF-8"?>
<testng-results skipped="0" failed="0" ignored="0" total="2" passed="2">
  <reporter-output>
  </reporter-output>
  <suite name="Regression Test Suite" duration-ms="39022" started-at="2020-11-21T21:09:56 NZDT" finished-at="2020-11-21T21:10:35 NZDT">
    <groups>
    </groups>
    <test name="Application Test" duration-ms="39022" started-at="2020-11-21T21:09:56 NZDT" finished-at="2020-11-21T21:10:35 NZDT">
      <class name="payroll.testclasess.LoginTest">
        <test-method status="PASS" signature="commonSetUp(java.lang.String, java.lang.String)[pri:0, instance:payroll.testclasess.LoginTest@4803b726]" name="commonSetUp" is-config="true" duration-ms="9081" started-at="2020-11-21T21:09:56 NZDT" finished-at="2020-11-21T21:10:05 NZDT">
          <params>
            <param index="0">
              <value>
                <![CDATA[firefox]]>
              </value>
            </param>
            <param index="1">
              <value>
                <![CDATA[Login]]>
              </value>
            </param>
          </params>
          <reporter-output>
          </reporter-output>
        </test-method> <!-- commonSetUp -->
        <test-method status="PASS" signature="logTotheSystem(java.lang.String, java.lang.String)[pri:0, instance:payroll.testclasess.LoginTest@4803b726]" name="logTotheSystem" duration-ms="8748" started-at="2020-11-21T21:10:05 NZDT" data-provider="loginDetails" finished-at="2020-11-21T21:10:14 NZDT">
          <params>
            <param index="0">
              <value>
                <![CDATA[jcmullage@gmail.com]]>
              </value>
            </param>
            <param index="1">
              <value>
                <![CDATA[2wsx1qaz~]]>
              </value>
            </param>
          </params>
          <reporter-output>
          </reporter-output>
        </test-method> <!-- logTotheSystem -->
        <test-method status="PASS" signature="logTotheSystem(java.lang.String, java.lang.String)[pri:0, instance:payroll.testclasess.LoginTest@4803b726]" name="logTotheSystem" duration-ms="19894" started-at="2020-11-21T21:10:14 NZDT" data-provider="loginDetails" finished-at="2020-11-21T21:10:34 NZDT">
          <params>
            <param index="0">
              <value>
                <![CDATA[jcmullage@gmail.com]]>
              </value>
            </param>
            <param index="1">
              <value>
                <![CDATA[3131313~]]>
              </value>
            </param>
          </params>
          <reporter-output>
          </reporter-output>
        </test-method> <!-- logTotheSystem -->
        <test-method status="PASS" signature="commonTearDown()[pri:0, instance:payroll.testclasess.LoginTest@4803b726]" name="commonTearDown" is-config="true" duration-ms="1097" started-at="2020-11-21T21:10:34 NZDT" finished-at="2020-11-21T21:10:35 NZDT">
          <reporter-output>
          </reporter-output>
        </test-method> <!-- commonTearDown -->
      </class> <!-- payroll.testclasess.LoginTest -->
    </test> <!-- Application Test -->
  </suite> <!-- Regression Test Suite -->
</testng-results>
